Mplus VERSION 7
MUTHEN & MUTHEN
12/30/2022   8:24 AM

INPUT INSTRUCTIONS

  TITLE:
  Modelo XXX;
  DATA:
  FILE = "D:/EM22/02-reportes-scripts/03-cruce-con-rendimiento/2-modelos-ffaa/mods/mlm.dat";

  VARIABLE:
  NAMES = M500_EM_2S_2022_MA Peso_mate peso_ie cod_mod7 EST2SMAT_AUTOEF;
   MISSING=.;
   CLUSTER = cod_mod7;
  WEIGHT = Peso_mate;
  BWEIGHT  = peso_ie;
  WTSCALE  = CLUSTER;
  BWTSCALE = SAMPLE;
  USEVARIABLES = M500_EM_2S_2022_MA EST2SMAT_AUTOEF ;
  WITHIN = EST2SMAT_AUTOEF;
  BETWEEN = ;
  ANALYSIS:
  type = TWOLEVEL;
  MODEL:
  %WITHIN%
  M500_EM_2S_2022_MA on EST2SMAT_AUTOEF;
  %BETWEEN%
  M500_EM_2S_2022_MA on ;



*** WARNING
  Variable name contains more than 8 characters.
  Only the first 8 characters will be printed in the output.
  Variable: M500_EM_2S_2022_MA
*** WARNING
  Variable name contains more than 8 characters.
  Only the first 8 characters will be printed in the output.
  Variable: PESO_MATE
*** WARNING
  Variable name contains more than 8 characters.
  Only the first 8 characters will be printed in the output.
  Variable: EST2SMAT_AUTOEF
*** WARNING
  Data set contains cases with missing on x-variables.
  These cases were not included in the analysis.
  Number of cases with missing on x-variables:  654
   4 WARNING(S) FOUND IN THE INPUT INSTRUCTIONS




Modelo XXX;

SUMMARY OF ANALYSIS

Number of groups                                                 1
Number of observations                                       14634

Number of dependent variables                                    1
Number of independent variables                                  1
Number of continuous latent variables                            0

Observed dependent variables

  Continuous
   M500_EM_2S

Observed independent variables
   EST2SMAT

Variables with special functions

  Cluster variable      COD_MOD7
  Weight variable (cluster-size scaling)
    PESO_MAT
  Between weight variable (sample-size scaling)
    PESO_IE

  Within variables
   EST2SMAT


Estimator                                                      MLR
Information matrix                                        OBSERVED
Maximum number of iterations                                   100
Convergence criterion                                    0.100D-05
Maximum number of EM iterations                                500
Convergence criteria for the EM algorithm
  Loglikelihood change                                   0.100D-02
  Relative loglikelihood change                          0.100D-05
  Derivative                                             0.100D-03
Minimum variance                                         0.100D-03
Maximum number of steepest descent iterations                   20
Maximum number of iterations for H1                           2000
Convergence criterion for H1                             0.100D-03
Optimization algorithm                                         EMA

Input data file(s)
  D:/EM22/02-reportes-scripts/03-cruce-con-rendimiento/2-modelos-ffaa/mods/mlm.d
Input data format  FREE


SUMMARY OF DATA

     Number of missing data patterns             1
     Number of clusters                        253

     Average cluster size       57.842

     Estimated Intraclass Correlations for the Y Variables

                Intraclass
     Variable  Correlation

     M500_EM_     0.103



COVARIANCE COVERAGE OF DATA

Minimum covariance coverage value   0.100


     PROPORTION OF DATA PRESENT


           Covariance Coverage
              M500_EM_      EST2SMAT
              ________      ________
 M500_EM_       1.000
 EST2SMAT       1.000         1.000



THE MODEL ESTIMATION TERMINATED NORMALLY



MODEL FIT INFORMATION

Number of Free Parameters                        4

Loglikelihood

          H0 Value                      -84628.399
          H0 Scaling Correction Factor      2.7671
            for MLR
          H1 Value                      -84628.394
          H1 Scaling Correction Factor      2.7671
            for MLR

Information Criteria

          Akaike (AIC)                  169264.798
          Bayesian (BIC)                169295.162
          Sample-Size Adjusted BIC      169282.450
            (n* = (n + 2) / 24)

Chi-Square Test of Model Fit

          Value                              0.009*
          Degrees of Freedom                     0
          P-Value                           0.0000
          Scaling Correction Factor         1.0000
            for MLR

*   The chi-square value for MLM, MLMV, MLR, ULSMV, WLSM and WLSMV cannot be used
    for chi-square difference testing in the regular way.  MLM, MLR and WLSM
    chi-square difference testing is described on the Mplus website.  MLMV, WLSMV,
    and ULSMV difference testing is done using the DIFFTEST option.

RMSEA (Root Mean Square Error Of Approximation)

          Estimate                           0.000

CFI/TLI

          CFI                                1.000
          TLI                                1.000

Chi-Square Test of Model Fit for the Baseline Model

          Value                            609.718
          Degrees of Freedom                     1
          P-Value                           0.0000

SRMR (Standardized Root Mean Square Residual)

          Value for Within                   0.000
          Value for Between                  0.000



MODEL RESULTS

                                                    Two-Tailed
                    Estimate       S.E.  Est./S.E.    P-Value

Within Level

 M500_EM_2S ON
    EST2SMAT_A        31.381      1.072     29.274      0.000

 Residual Variances
    M500_EM_2S      5909.252    116.600     50.680      0.000

Between Level

 Means
    M500_EM_2S       592.221      2.640    224.300      0.000

 Variances
    M500_EM_2S       796.712    124.969      6.375      0.000


QUALITY OF NUMERICAL RESULTS

     Condition Number for the Information Matrix              0.900E-03
       (ratio of smallest to largest eigenvalue)


     Beginning Time:  08:24:14
        Ending Time:  08:24:15
       Elapsed Time:  00:00:01



MUTHEN & MUTHEN
3463 Stoner Ave.
Los Angeles, CA  90066

Tel: (310) 391-9971
Fax: (310) 391-8971
Web: www.StatModel.com
Support: Support@StatModel.com

Copyright (c) 1998-2012 Muthen & Muthen
