Mplus VERSION 7.2
MUTHEN & MUTHEN
01/04/2023  11:04 AM

INPUT INSTRUCTIONS

  TITLE:
  Modelo XXX;
  DATA:
  FILE = "D:/EM22/02-reportes-scripts/03-cruce-con-rendimiento/02-modelos-ffaa/mods/mlm.dat"

  VARIABLE:
  NAMES = M500_EM_2S_2022_CT Peso_lectura peso_ie cod_mod7 ise2S isep;
   MISSING=.;
   CLUSTER = cod_mod7;
  WEIGHT = Peso_lectura;
  BWEIGHT  = peso_ie;
  WTSCALE  = CLUSTER;
  BWTSCALE = SAMPLE;
  USEVARIABLES = M500_EM_2S_2022_CT ise2S isep;
  WITHIN = ise2S;
  BETWEEN = isep;
  ANALYSIS:
  type = TWOLEVEL;
  MODEL:
  %WITHIN%
  M500_EM_2S_2022_CT on ise2S;
  %BETWEEN%
  M500_EM_2S_2022_CT on isep;



*** WARNING
  Input line exceeded 90 characters. Some input may be truncated.
  FILE = "D:/EM22/02-reportes-scripts/03-cruce-con-rendimiento/02-modelos-ffaa/mods/mlm.dat";
*** WARNING in VARIABLE command
  Note that only the first 8 characters of variable names are used in the output.
  Shorten variable names to avoid any confusion.
*** WARNING
  Data set contains cases with missing on x-variables.
  These cases were not included in the analysis.
  Number of cases with missing on x-variables:  1270
   3 WARNING(S) FOUND IN THE INPUT INSTRUCTIONS




Modelo XXX;

SUMMARY OF ANALYSIS

Number of groups                                                 1
Number of observations                                       14030

Number of dependent variables                                    1
Number of independent variables                                  2
Number of continuous latent variables                            0

Observed dependent variables

  Continuous
   M500_EM_2S

Observed independent variables
   ISE2S       ISEP

Variables with special functions

  Cluster variable      COD_MOD7
  Weight variable (cluster-size scaling)
    PESO_LEC
  Between weight variable (sample-size scaling)
    PESO_IE

  Within variables
   ISE2S

  Between variables
   ISEP


Estimator                                                      MLR
Information matrix                                        OBSERVED
Maximum number of iterations                                   100
Convergence criterion                                    0.100D-05
Maximum number of EM iterations                                500
Convergence criteria for the EM algorithm
  Loglikelihood change                                   0.100D-02
  Relative loglikelihood change                          0.100D-05
  Derivative                                             0.100D-03
Minimum variance                                         0.100D-03
Maximum number of steepest descent iterations                   20
Maximum number of iterations for H1                           2000
Convergence criterion for H1                             0.100D-03
Optimization algorithm                                         EMA

Input data file(s)
  D:/EM22/02-reportes-scripts/03-cruce-con-rendimiento/02-modelos-ffaa/mods/mlm.
Input data format  FREE


SUMMARY OF DATA

     Number of missing data patterns             1
     Number of clusters                        253

     Average cluster size       55.455

     Estimated Intraclass Correlations for the Y Variables

                Intraclass
     Variable  Correlation

     M500_EM_     0.114



COVARIANCE COVERAGE OF DATA

Minimum covariance coverage value   0.100


     PROPORTION OF DATA PRESENT


           Covariance Coverage
              M500_EM_      ISE2S         ISEP
              ________      ________      ________
 M500_EM_       1.000
 ISE2S          1.000         1.000
 ISEP           1.000         1.000         1.000



THE MODEL ESTIMATION TERMINATED NORMALLY



MODEL FIT INFORMATION

Number of Free Parameters                        5

Loglikelihood

          H0 Value                      -76695.633
          H0 Scaling Correction Factor      2.6328
            for MLR
          H1 Value                      -76695.633
          H1 Scaling Correction Factor      2.6328
            for MLR

Information Criteria

          Akaike (AIC)                  153401.266
          Bayesian (BIC)                153439.011
          Sample-Size Adjusted BIC      153423.122
            (n* = (n + 2) / 24)

Chi-Square Test of Model Fit

          Value                              0.001*
          Degrees of Freedom                     0
          P-Value                           0.0000
          Scaling Correction Factor         1.0000
            for MLR

*   The chi-square value for MLM, MLMV, MLR, ULSMV, WLSM and WLSMV cannot be used
    for chi-square difference testing in the regular way.  MLM, MLR and WLSM
    chi-square difference testing is described on the Mplus website.  MLMV, WLSMV,
    and ULSMV difference testing is done using the DIFFTEST option.

RMSEA (Root Mean Square Error Of Approximation)

          Estimate                           0.000

CFI/TLI

          CFI                                1.000
          TLI                                1.000

Chi-Square Test of Model Fit for the Baseline Model

          Value                             86.742
          Degrees of Freedom                     2
          P-Value                           0.0000

SRMR (Standardized Root Mean Square Residual)

          Value for Within                   0.000
          Value for Between                  0.000



MODEL RESULTS

                                                    Two-Tailed
                    Estimate       S.E.  Est./S.E.    P-Value

Within Level

 M500_EM_2S ON
    ISE2S              3.920      0.978      4.007      0.000

 Residual Variances
    M500_EM_2S      3171.164     70.558     44.944      0.000

Between Level

 M500_EM_2S ON
    ISEP              22.468      2.816      7.978      0.000

 Intercepts
    M500_EM_2S       603.304      1.629    370.394      0.000

 Residual Variances
    M500_EM_2S       242.061     34.210      7.076      0.000


QUALITY OF NUMERICAL RESULTS

     Condition Number for the Information Matrix              0.831E-04
       (ratio of smallest to largest eigenvalue)


     Beginning Time:  11:04:26
        Ending Time:  11:04:26
       Elapsed Time:  00:00:00



MUTHEN & MUTHEN
3463 Stoner Ave.
Los Angeles, CA  90066

Tel: (310) 391-9971
Fax: (310) 391-8971
Web: www.StatModel.com
Support: Support@StatModel.com

Copyright (c) 1998-2014 Muthen & Muthen
