This is pdfTeX, Version 3.141592653-2.6-1.40.24 (TeX Live 2022) (preloaded format=pdflatex 2022.11.23)  12 JAN 2023 09:11
entering extended mode
 restricted \write18 enabled.
 %&-line parsing enabled.
**01-efa-reporte.tex
(./01-efa-reporte.tex
LaTeX2e <2022-11-01>
L3 programming layer <2022-11-02> (c:/Users/factoresasociados03/AppData/Roaming/TinyTeX/texmf-dist/tex/latex/base/article.cls
Document Class: article 2022/07/02 v1.4n Standard LaTeX document class
(c:/Users/factoresasociados03/AppData/Roaming/TinyTeX/texmf-dist/tex/latex/base/size10.clo
File: size10.clo 2022/07/02 v1.4n Standard LaTeX file (size option)
)
\c@part=\count185
\c@section=\count186
\c@subsection=\count187
\c@subsubsection=\count188
\c@paragraph=\count189
\c@subparagraph=\count190
\c@figure=\count191
\c@table=\count192
\abovecaptionskip=\skip47
\belowcaptionskip=\skip48
\bibindent=\dimen140
) (c:/Users/factoresasociados03/AppData/Roaming/TinyTeX/texmf-dist/tex/latex/amsmath/amsmath.sty
Package: amsmath 2022/04/08 v2.17n AMS math features
\@mathmargin=\skip49
For additional information on amsmath, use the `?' option.
(c:/Users/factoresasociados03/AppData/Roaming/TinyTeX/texmf-dist/tex/latex/amsmath/amstext.sty
Package: amstext 2021/08/26 v2.01 AMS text
(c:/Users/factoresasociados03/AppData/Roaming/TinyTeX/texmf-dist/tex/latex/amsmath/amsgen.sty
File: amsgen.sty 1999/11/30 v2.0 generic functions
\@emptytoks=\toks16
\ex@=\dimen141
)) (c:/Users/factoresasociados03/AppData/Roaming/TinyTeX/texmf-dist/tex/latex/amsmath/amsbsy.sty
Package: amsbsy 1999/11/29 v1.2d Bold Symbols
\pmbraise@=\dimen142
) (c:/Users/factoresasociados03/AppData/Roaming/TinyTeX/texmf-dist/tex/latex/amsmath/amsopn.sty
Package: amsopn 2022/04/08 v2.04 operator names
)
\inf@bad=\count193
LaTeX Info: Redefining \frac on input line 234.
\uproot@=\count194
\leftroot@=\count195
LaTeX Info: Redefining \overline on input line 399.
LaTeX Info: Redefining \colon on input line 410.
\classnum@=\count196
\DOTSCASE@=\count197
LaTeX Info: Redefining \ldots on input line 496.
LaTeX Info: Redefining \dots on input line 499.
LaTeX Info: Redefining \cdots on input line 620.
\Mathstrutbox@=\box51
\strutbox@=\box52
LaTeX Info: Redefining \big on input line 722.
LaTeX Info: Redefining \Big on input line 723.
LaTeX Info: Redefining \bigg on input line 724.
LaTeX Info: Redefining \Bigg on input line 725.
\big@size=\dimen143
LaTeX Font Info:    Redeclaring font encoding OML on input line 743.
LaTeX Font Info:    Redeclaring font encoding OMS on input line 744.
\macc@depth=\count198
LaTeX Info: Redefining \bmod on input line 905.
LaTeX Info: Redefining \pmod on input line 910.
LaTeX Info: Redefining \smash on input line 940.
LaTeX Info: Redefining \relbar on input line 970.
LaTeX Info: Redefining \Relbar on input line 971.
\c@MaxMatrixCols=\count199
\dotsspace@=\muskip16
\c@parentequation=\count266
\dspbrk@lvl=\count267
\tag@help=\toks17
\row@=\count268
\column@=\count269
\maxfields@=\count270
\andhelp@=\toks18
\eqnshift@=\dimen144
\alignsep@=\dimen145
\tagshift@=\dimen146
\tagwidth@=\dimen147
\totwidth@=\dimen148
\lineht@=\dimen149
\@envbody=\toks19
\multlinegap=\skip50
\multlinetaggap=\skip51
\mathdisplay@stack=\toks20
LaTeX Info: Redefining \[ on input line 2953.
LaTeX Info: Redefining \] on input line 2954.
) (c:/Users/factoresasociados03/AppData/Roaming/TinyTeX/texmf-dist/tex/latex/amsfonts/amssymb.sty
Package: amssymb 2013/01/14 v3.01 AMS font symbols
(c:/Users/factoresasociados03/AppData/Roaming/TinyTeX/texmf-dist/tex/latex/amsfonts/amsfonts.sty
Package: amsfonts 2013/01/14 v3.01 Basic AMSFonts support
\symAMSa=\mathgroup4
\symAMSb=\mathgroup5
LaTeX Font Info:    Redeclaring math symbol \hbar on input line 98.
LaTeX Font Info:    Overwriting math alphabet `\mathfrak' in version `bold'
(Font)                  U/euf/m/n --> U/euf/b/n on input line 106.
)) (c:/Users/factoresasociados03/AppData/Roaming/TinyTeX/texmf-dist/tex/latex/lm/lmodern.sty
Package: lmodern 2015/05/01 v1.6.1 Latin Modern Fonts
LaTeX Font Info:    Overwriting symbol font `operators' in version `normal'
(Font)                  OT1/cmr/m/n --> OT1/lmr/m/n on input line 22.
LaTeX Font Info:    Overwriting symbol font `letters' in version `normal'
(Font)                  OML/cmm/m/it --> OML/lmm/m/it on input line 23.
LaTeX Font Info:    Overwriting symbol font `symbols' in version `normal'
(Font)                  OMS/cmsy/m/n --> OMS/lmsy/m/n on input line 24.
LaTeX Font Info:    Overwriting symbol font `largesymbols' in version `normal'
(Font)                  OMX/cmex/m/n --> OMX/lmex/m/n on input line 25.
LaTeX Font Info:    Overwriting symbol font `operators' in version `bold'
(Font)                  OT1/cmr/bx/n --> OT1/lmr/bx/n on input line 26.
LaTeX Font Info:    Overwriting symbol font `letters' in version `bold'
(Font)                  OML/cmm/b/it --> OML/lmm/b/it on input line 27.
LaTeX Font Info:    Overwriting symbol font `symbols' in version `bold'
(Font)                  OMS/cmsy/b/n --> OMS/lmsy/b/n on input line 28.
LaTeX Font Info:    Overwriting symbol font `largesymbols' in version `bold'
(Font)                  OMX/cmex/m/n --> OMX/lmex/m/n on input line 29.
LaTeX Font Info:    Overwriting math alphabet `\mathbf' in version `normal'
(Font)                  OT1/cmr/bx/n --> OT1/lmr/bx/n on input line 31.
LaTeX Font Info:    Overwriting math alphabet `\mathsf' in version `normal'
(Font)                  OT1/cmss/m/n --> OT1/lmss/m/n on input line 32.
LaTeX Font Info:    Overwriting math alphabet `\mathit' in version `normal'
(Font)                  OT1/cmr/m/it --> OT1/lmr/m/it on input line 33.
LaTeX Font Info:    Overwriting math alphabet `\mathtt' in version `normal'
(Font)                  OT1/cmtt/m/n --> OT1/lmtt/m/n on input line 34.
LaTeX Font Info:    Overwriting math alphabet `\mathbf' in version `bold'
(Font)                  OT1/cmr/bx/n --> OT1/lmr/bx/n on input line 35.
LaTeX Font Info:    Overwriting math alphabet `\mathsf' in version `bold'
(Font)                  OT1/cmss/bx/n --> OT1/lmss/bx/n on input line 36.
LaTeX Font Info:    Overwriting math alphabet `\mathit' in version `bold'
(Font)                  OT1/cmr/bx/it --> OT1/lmr/bx/it on input line 37.
LaTeX Font Info:    Overwriting math alphabet `\mathtt' in version `bold'
(Font)                  OT1/cmtt/m/n --> OT1/lmtt/m/n on input line 38.
) (c:/Users/factoresasociados03/AppData/Roaming/TinyTeX/texmf-dist/tex/generic/iftex/iftex.sty
Package: iftex 2022/02/03 v1.0f TeX engine tests
) (c:/Users/factoresasociados03/AppData/Roaming/TinyTeX/texmf-dist/tex/latex/base/fontenc.sty
Package: fontenc 2021/04/29 v2.0v Standard LaTeX package
LaTeX Font Info:    Trying to load font information for T1+lmr on input line 112.
(c:/Users/factoresasociados03/AppData/Roaming/TinyTeX/texmf-dist/tex/latex/lm/t1lmr.fd
File: t1lmr.fd 2015/05/01 v1.6.1 Font defs for Latin Modern
)) (c:/Users/factoresasociados03/AppData/Roaming/TinyTeX/texmf-dist/tex/latex/base/inputenc.sty
Package: inputenc 2021/02/14 v1.3d Input encoding file
\inpenc@prehook=\toks21
\inpenc@posthook=\toks22
) (c:/Users/factoresasociados03/AppData/Roaming/TinyTeX/texmf-dist/tex/latex/base/textcomp.sty
Package: textcomp 2020/02/02 v2.0n Standard LaTeX package
) (c:/Users/factoresasociados03/AppData/Roaming/TinyTeX/texmf-dist/tex/latex/xcolor/xcolor.sty
Package: xcolor 2022/06/12 v2.14 LaTeX color extensions (UK)
(c:/Users/factoresasociados03/AppData/Roaming/TinyTeX/texmf-dist/tex/latex/graphics-cfg/color.cfg
File: color.cfg 2016/01/02 v1.6 sample color configuration
)
Package xcolor Info: Driver file: pdftex.def on input line 227.
(c:/Users/factoresasociados03/AppData/Roaming/TinyTeX/texmf-dist/tex/latex/graphics-def/pdftex.def
File: pdftex.def 2022/09/22 v1.2b Graphics/color driver for pdftex
) (c:/Users/factoresasociados03/AppData/Roaming/TinyTeX/texmf-dist/tex/latex/graphics/mathcolor.ltx)
Package xcolor Info: Model `cmy' substituted by `cmy0' on input line 1353.
Package xcolor Info: Model `hsb' substituted by `rgb' on input line 1357.
Package xcolor Info: Model `RGB' extended on input line 1369.
Package xcolor Info: Model `HTML' substituted by `rgb' on input line 1371.
Package xcolor Info: Model `Hsb' substituted by `hsb' on input line 1372.
Package xcolor Info: Model `tHsb' substituted by `hsb' on input line 1373.
Package xcolor Info: Model `HSB' substituted by `hsb' on input line 1374.
Package xcolor Info: Model `Gray' substituted by `gray' on input line 1375.
Package xcolor Info: Model `wave' substituted by `hsb' on input line 1376.
) (c:/Users/factoresasociados03/AppData/Roaming/TinyTeX/texmf-dist/tex/latex/geometry/geometry.sty
Package: geometry 2020/01/02 v5.9 Page Geometry
(c:/Users/factoresasociados03/AppData/Roaming/TinyTeX/texmf-dist/tex/latex/graphics/keyval.sty
Package: keyval 2022/05/29 v1.15 key=value parser (DPC)
\KV@toks@=\toks23
) (c:/Users/factoresasociados03/AppData/Roaming/TinyTeX/texmf-dist/tex/generic/iftex/ifvtex.sty
Package: ifvtex 2019/10/25 v1.7 ifvtex legacy package. Use iftex instead.
)
\Gm@cnth=\count271
\Gm@cntv=\count272
\c@Gm@tempcnt=\count273
\Gm@bindingoffset=\dimen150
\Gm@wd@mp=\dimen151
\Gm@odd@mp=\dimen152
\Gm@even@mp=\dimen153
\Gm@layoutwidth=\dimen154
\Gm@layoutheight=\dimen155
\Gm@layouthoffset=\dimen156
\Gm@layoutvoffset=\dimen157
\Gm@dimlist=\toks24
) (c:/Users/factoresasociados03/AppData/Roaming/TinyTeX/texmf-dist/tex/latex/graphics/graphicx.sty
Package: graphicx 2021/09/16 v1.2d Enhanced LaTeX Graphics (DPC,SPQR)
(c:/Users/factoresasociados03/AppData/Roaming/TinyTeX/texmf-dist/tex/latex/graphics/graphics.sty
Package: graphics 2022/03/10 v1.4e Standard LaTeX Graphics (DPC,SPQR)
(c:/Users/factoresasociados03/AppData/Roaming/TinyTeX/texmf-dist/tex/latex/graphics/trig.sty
Package: trig 2021/08/11 v1.11 sin cos tan (DPC)
) (c:/Users/factoresasociados03/AppData/Roaming/TinyTeX/texmf-dist/tex/latex/graphics-cfg/graphics.cfg
File: graphics.cfg 2016/06/04 v1.11 sample graphics configuration
)
Package graphics Info: Driver file: pdftex.def on input line 107.
)
\Gin@req@height=\dimen158
\Gin@req@width=\dimen159
) (c:/Users/factoresasociados03/AppData/Roaming/TinyTeX/texmf-dist/tex/latex/booktabs/booktabs.sty
Package: booktabs 2020/01/12 v1.61803398 Publication quality tables
\heavyrulewidth=\dimen160
\lightrulewidth=\dimen161
\cmidrulewidth=\dimen162
\belowrulesep=\dimen163
\belowbottomsep=\dimen164
\aboverulesep=\dimen165
\abovetopsep=\dimen166
\cmidrulesep=\dimen167
\cmidrulekern=\dimen168
\defaultaddspace=\dimen169
\@cmidla=\count274
\@cmidlb=\count275
\@aboverulesep=\dimen170
\@belowrulesep=\dimen171
\@thisruleclass=\count276
\@lastruleclass=\count277
\@thisrulewidth=\dimen172
) (c:/Users/factoresasociados03/AppData/Roaming/TinyTeX/texmf-dist/tex/latex/tools/longtable.sty
Package: longtable 2021-09-01 v4.17 Multi-page Table package (DPC)
\LTleft=\skip52
\LTright=\skip53
\LTpre=\skip54
\LTpost=\skip55
\LTchunksize=\count278
\LTcapwidth=\dimen173
\LT@head=\box53
\LT@firsthead=\box54
\LT@foot=\box55
\LT@lastfoot=\box56
\LT@gbox=\box57
\LT@cols=\count279
\LT@rows=\count280
\c@LT@tables=\count281
\c@LT@chunks=\count282
\LT@p@ftn=\toks25
) (c:/Users/factoresasociados03/AppData/Roaming/TinyTeX/texmf-dist/tex/latex/tools/array.sty
Package: array 2022/09/04 v2.5g Tabular extension package (FMi)
\col@sep=\dimen174
\ar@mcellbox=\box58
\extrarowheight=\dimen175
\NC@list=\toks26
\extratabsurround=\skip56
\backup@length=\skip57
\ar@cellbox=\box59
) (c:/Users/factoresasociados03/AppData/Roaming/TinyTeX/texmf-dist/tex/latex/multirow/multirow.sty
Package: multirow 2021/03/15 v2.8 Span multiple rows of a table
\multirow@colwidth=\skip58
\multirow@cntb=\count283
\multirow@dima=\skip59
\bigstrutjot=\dimen176
) (c:/Users/factoresasociados03/AppData/Roaming/TinyTeX/texmf-dist/tex/latex/wrapfig/wrapfig.sty
\wrapoverhang=\dimen177
\WF@size=\dimen178
\c@WF@wrappedlines=\count284
\WF@box=\box60
\WF@everypar=\toks27
Package: wrapfig 2003/01/31  v 3.6
) (c:/Users/factoresasociados03/AppData/Roaming/TinyTeX/texmf-dist/tex/latex/float/float.sty
Package: float 2001/11/08 v1.3d Float enhancements (AL)
\c@float@type=\count285
\float@exts=\toks28
\float@box=\box61
\@float@everytoks=\toks29
\@floatcapt=\box62
) (c:/Users/factoresasociados03/AppData/Roaming/TinyTeX/texmf-dist/tex/latex/colortbl/colortbl.sty
Package: colortbl 2022/06/20 v1.0f Color table columns (DPC)
\everycr=\toks30
\minrowclearance=\skip60
\rownum=\count286
) (c:/Users/factoresasociados03/AppData/Roaming/TinyTeX/texmf-dist/tex/latex/pdflscape/pdflscape.sty
Package: pdflscape 2022-10-27 v0.13 Display of landscape pages in PDF
(c:/Users/factoresasociados03/AppData/Roaming/TinyTeX/texmf-dist/tex/latex/pdflscape/pdflscape-nometadata.sty
Package: pdflscape-nometadata 2022-10-28 v0.13 Display of landscape pages in PDF (HO)
(c:/Users/factoresasociados03/AppData/Roaming/TinyTeX/texmf-dist/tex/latex/graphics/lscape.sty
Package: lscape 2020/05/28 v3.02 Landscape Pages (DPC)
)
Package pdflscape Info: Auto-detected driver: pdftex on input line 81.
)) (c:/Users/factoresasociados03/AppData/Roaming/TinyTeX/texmf-dist/tex/latex/tabu/tabu.sty
Package: tabu 2019/01/11 v2.9 - flexible LaTeX tabulars (FC+tabu-fixed)
(c:/Users/factoresasociados03/AppData/Roaming/TinyTeX/texmf-dist/tex/latex/varwidth/varwidth.sty
Package: varwidth 2009/03/30 ver 0.92;  Variable-width minipages
\@vwid@box=\box63
\sift@deathcycles=\count287
\@vwid@loff=\dimen179
\@vwid@roff=\dimen180
)
\c@taburow=\count288
\tabu@nbcols=\count289
\tabu@cnt=\count290
\tabu@Xcol=\count291
\tabu@alloc=\count292
\tabu@nested=\count293
\tabu@target=\dimen181
\tabu@spreadtarget=\dimen182
\tabu@naturalX=\dimen183
\tabucolX=\dimen184
\tabu@Xsum=\dimen185
\extrarowdepth=\dimen186
\abovetabulinesep=\dimen187
\belowtabulinesep=\dimen188
\tabustrutrule=\dimen189
\tabu@thebody=\toks31
\tabu@footnotes=\toks32
\tabu@box=\box64
\tabu@arstrutbox=\box65
\tabu@hleads=\box66
\tabu@vleads=\box67
\tabu@cellskip=\skip61
) (c:/Users/factoresasociados03/AppData/Roaming/TinyTeX/texmf-dist/tex/latex/threeparttable/threeparttable.sty
Package: threeparttable 2003/06/13  v 3.0
\@tempboxb=\box68
) (c:/Users/factoresasociados03/AppData/Roaming/TinyTeX/texmf-dist/tex/latex/threeparttablex/threeparttablex.sty
Package: threeparttablex 2013/07/23 v0.3 by daleif
(c:/Users/factoresasociados03/AppData/Roaming/TinyTeX/texmf-dist/tex/latex/environ/environ.sty
Package: environ 2014/05/04 v0.3 A new way to define environments
(c:/Users/factoresasociados03/AppData/Roaming/TinyTeX/texmf-dist/tex/latex/trimspaces/trimspaces.sty
Package: trimspaces 2009/09/17 v1.1 Trim spaces around a token list
))
\TPTL@width=\skip62
) (c:/Users/factoresasociados03/AppData/Roaming/TinyTeX/texmf-dist/tex/generic/ulem/ulem.sty
\UL@box=\box69
\UL@hyphenbox=\box70
\UL@skip=\skip63
\UL@hook=\toks33
\UL@height=\dimen190
\UL@pe=\count294
\UL@pixel=\dimen191
\ULC@box=\box71
Package: ulem 2019/11/18
\ULdepth=\dimen192
) (c:/Users/factoresasociados03/AppData/Roaming/TinyTeX/texmf-dist/tex/latex/makecell/makecell.sty
Package: makecell 2009/08/03 V0.1e Managing of Tab Column Heads and Cells
\rotheadsize=\dimen193
\c@nlinenum=\count295
\TeXr@lab=\toks34
) (c:/Users/factoresasociados03/AppData/Roaming/TinyTeX/texmf-dist/tex/latex/hyperref/hyperref.sty
Package: hyperref 2022-11-13 v7.00u Hypertext links for LaTeX
(c:/Users/factoresasociados03/AppData/Roaming/TinyTeX/texmf-dist/tex/generic/ltxcmds/ltxcmds.sty
Package: ltxcmds 2020-05-10 v1.25 LaTeX kernel commands for general use (HO)
) (c:/Users/factoresasociados03/AppData/Roaming/TinyTeX/texmf-dist/tex/generic/pdftexcmds/pdftexcmds.sty
Package: pdftexcmds 2020-06-27 v0.33 Utility functions of pdfTeX for LuaTeX (HO)
(c:/Users/factoresasociados03/AppData/Roaming/TinyTeX/texmf-dist/tex/generic/infwarerr/infwarerr.sty
Package: infwarerr 2019/12/03 v1.5 Providing info/warning/error messages (HO)
)
Package pdftexcmds Info: \pdf@primitive is available.
Package pdftexcmds Info: \pdf@ifprimitive is available.
Package pdftexcmds Info: \pdfdraftmode found.
) (c:/Users/factoresasociados03/AppData/Roaming/TinyTeX/texmf-dist/tex/latex/kvsetkeys/kvsetkeys.sty
Package: kvsetkeys 2022-10-05 v1.19 Key value parser (HO)
) (c:/Users/factoresasociados03/AppData/Roaming/TinyTeX/texmf-dist/tex/generic/kvdefinekeys/kvdefinekeys.sty
Package: kvdefinekeys 2019-12-19 v1.6 Define keys (HO)
) (c:/Users/factoresasociados03/AppData/Roaming/TinyTeX/texmf-dist/tex/generic/pdfescape/pdfescape.sty
Package: pdfescape 2019/12/09 v1.15 Implements pdfTeX's escape features (HO)
) (c:/Users/factoresasociados03/AppData/Roaming/TinyTeX/texmf-dist/tex/latex/hycolor/hycolor.sty
Package: hycolor 2020-01-27 v1.10 Color options for hyperref/bookmark (HO)
) (c:/Users/factoresasociados03/AppData/Roaming/TinyTeX/texmf-dist/tex/latex/letltxmacro/letltxmacro.sty
Package: letltxmacro 2019/12/03 v1.6 Let assignment for LaTeX macros (HO)
) (c:/Users/factoresasociados03/AppData/Roaming/TinyTeX/texmf-dist/tex/latex/auxhook/auxhook.sty
Package: auxhook 2019-12-17 v1.6 Hooks for auxiliary files (HO)
) (c:/Users/factoresasociados03/AppData/Roaming/TinyTeX/texmf-dist/tex/latex/hyperref/nameref.sty
Package: nameref 2022-05-17 v2.50 Cross-referencing by name of section
(c:/Users/factoresasociados03/AppData/Roaming/TinyTeX/texmf-dist/tex/latex/refcount/refcount.sty
Package: refcount 2019/12/15 v3.6 Data extraction from label references (HO)
) (c:/Users/factoresasociados03/AppData/Roaming/TinyTeX/texmf-dist/tex/generic/gettitlestring/gettitlestring.sty
Package: gettitlestring 2019/12/15 v1.6 Cleanup title references (HO)
(c:/Users/factoresasociados03/AppData/Roaming/TinyTeX/texmf-dist/tex/latex/kvoptions/kvoptions.sty
Package: kvoptions 2022-06-15 v3.15 Key value format for package options (HO)
))
\c@section@level=\count296
)
\@linkdim=\dimen194
\Hy@linkcounter=\count297
\Hy@pagecounter=\count298
(c:/Users/factoresasociados03/AppData/Roaming/TinyTeX/texmf-dist/tex/latex/hyperref/pd1enc.def
File: pd1enc.def 2022-11-13 v7.00u Hyperref: PDFDocEncoding definition (HO)
Now handling font encoding PD1 ...
... no UTF-8 mapping file for font encoding PD1
) (c:/Users/factoresasociados03/AppData/Roaming/TinyTeX/texmf-dist/tex/generic/intcalc/intcalc.sty
Package: intcalc 2019/12/15 v1.3 Expandable calculations with integers (HO)
) (c:/Users/factoresasociados03/AppData/Roaming/TinyTeX/texmf-dist/tex/generic/etexcmds/etexcmds.sty
Package: etexcmds 2019/12/15 v1.7 Avoid name clashes with e-TeX commands (HO)
)
\Hy@SavedSpaceFactor=\count299
(c:/Users/factoresasociados03/AppData/Roaming/TinyTeX/texmf-dist/tex/latex/hyperref/puenc.def
File: puenc.def 2022-11-13 v7.00u Hyperref: PDF Unicode definition (HO)
Now handling font encoding PU ...
... no UTF-8 mapping file for font encoding PU
)
Package hyperref Info: Option `unicode' set `true' on input line 4045.
Package hyperref Info: Hyper figures OFF on input line 4162.
Package hyperref Info: Link nesting OFF on input line 4167.
Package hyperref Info: Hyper index ON on input line 4170.
Package hyperref Info: Plain pages OFF on input line 4177.
Package hyperref Info: Backreferencing OFF on input line 4182.
Package hyperref Info: Implicit mode ON; LaTeX internals redefined.
Package hyperref Info: Bookmarks ON on input line 4410.
\c@Hy@tempcnt=\count300
(c:/Users/factoresasociados03/AppData/Roaming/TinyTeX/texmf-dist/tex/latex/url/url.sty
\Urlmuskip=\muskip17
Package: url 2013/09/16  ver 3.4  Verb mode for urls, etc.
)
LaTeX Info: Redefining \url on input line 4748.
\XeTeXLinkMargin=\dimen195
(c:/Users/factoresasociados03/AppData/Roaming/TinyTeX/texmf-dist/tex/generic/bitset/bitset.sty
Package: bitset 2019/12/09 v1.3 Handle bit-vector datatype (HO)
(c:/Users/factoresasociados03/AppData/Roaming/TinyTeX/texmf-dist/tex/generic/bigintcalc/bigintcalc.sty
Package: bigintcalc 2019/12/15 v1.5 Expandable calculations on big integers (HO)
))
\Fld@menulength=\count301
\Field@Width=\dimen196
\Fld@charsize=\dimen197
Package hyperref Info: Hyper figures OFF on input line 6027.
Package hyperref Info: Link nesting OFF on input line 6032.
Package hyperref Info: Hyper index ON on input line 6035.
Package hyperref Info: backreferencing OFF on input line 6042.
Package hyperref Info: Link coloring OFF on input line 6047.
Package hyperref Info: Link coloring with OCG OFF on input line 6052.
Package hyperref Info: PDF/A mode OFF on input line 6057.
(c:/Users/factoresasociados03/AppData/Roaming/TinyTeX/texmf-dist/tex/latex/base/atbegshi-ltx.sty
Package: atbegshi-ltx 2021/01/10 v1.0c Emulation of the original atbegshi
package with kernel methods
)
\Hy@abspage=\count302
\c@Item=\count303
\c@Hfootnote=\count304
)
Package hyperref Info: Driver (autodetected): hpdftex.
(c:/Users/factoresasociados03/AppData/Roaming/TinyTeX/texmf-dist/tex/latex/hyperref/hpdftex.def
File: hpdftex.def 2022-11-13 v7.00u Hyperref driver for pdfTeX
(c:/Users/factoresasociados03/AppData/Roaming/TinyTeX/texmf-dist/tex/latex/base/atveryend-ltx.sty
Package: atveryend-ltx 2020/08/19 v1.0a Emulation of the original atveryend package
with kernel methods
)
\Fld@listcount=\count305
\c@bookmark@seq@number=\count306
(c:/Users/factoresasociados03/AppData/Roaming/TinyTeX/texmf-dist/tex/latex/rerunfilecheck/rerunfilecheck.sty
Package: rerunfilecheck 2022-07-10 v1.10 Rerun checks for auxiliary files (HO)
(c:/Users/factoresasociados03/AppData/Roaming/TinyTeX/texmf-dist/tex/generic/uniquecounter/uniquecounter.sty
Package: uniquecounter 2019/12/15 v1.4 Provide unlimited unique counter (HO)
)
Package uniquecounter Info: New unique counter `rerunfilecheck' on input line 285.
)
\Hy@SectionHShift=\skip64
) (c:/Users/factoresasociados03/AppData/Roaming/TinyTeX/texmf-dist/tex/latex/l3backend/l3backend-pdftex.def
File: l3backend-pdftex.def 2022-10-26 L3 backend support: PDF output (pdfTeX)
\l__color_backend_stack_int=\count307
\l__pdf_internal_box=\box72
) (./01-efa-reporte.aux

LaTeX Warning: Label `tab:unnamed-chunk-1' multiply defined.


LaTeX Warning: Label `tab:unnamed-chunk-1' multiply defined.


LaTeX Warning: Label `tab:unnamed-chunk-1' multiply defined.


LaTeX Warning: Label `tab:unnamed-chunk-1' multiply defined.


LaTeX Warning: Label `tab:unnamed-chunk-1' multiply defined.


LaTeX Warning: Label `tab:unnamed-chunk-1' multiply defined.


LaTeX Warning: Label `tab:unnamed-chunk-1' multiply defined.


LaTeX Warning: Label `tab:unnamed-chunk-1' multiply defined.


LaTeX Warning: Label `tab:unnamed-chunk-1' multiply defined.


LaTeX Warning: Label `tab:unnamed-chunk-1' multiply defined.


LaTeX Warning: Label `tab:unnamed-chunk-1' multiply defined.


LaTeX Warning: Label `tab:unnamed-chunk-1' multiply defined.


LaTeX Warning: Label `tab:unnamed-chunk-1' multiply defined.


LaTeX Warning: Label `tab:unnamed-chunk-1' multiply defined.


LaTeX Warning: Label `tab:unnamed-chunk-1' multiply defined.


LaTeX Warning: Label `tab:unnamed-chunk-1' multiply defined.


LaTeX Warning: Label `tab:unnamed-chunk-1' multiply defined.


LaTeX Warning: Label `tab:unnamed-chunk-1' multiply defined.


LaTeX Warning: Label `tab:unnamed-chunk-1' multiply defined.


LaTeX Warning: Label `tab:unnamed-chunk-1' multiply defined.


LaTeX Warning: Label `tab:unnamed-chunk-1' multiply defined.


LaTeX Warning: Label `tab:unnamed-chunk-1' multiply defined.


LaTeX Warning: Label `tab:unnamed-chunk-1' multiply defined.


LaTeX Warning: Label `tab:unnamed-chunk-1' multiply defined.


LaTeX Warning: Label `tab:unnamed-chunk-1' multiply defined.


LaTeX Warning: Label `tab:unnamed-chunk-1' multiply defined.


LaTeX Warning: Label `tab:unnamed-chunk-1' multiply defined.


LaTeX Warning: Label `tab:unnamed-chunk-1' multiply defined.


LaTeX Warning: Label `tab:unnamed-chunk-1' multiply defined.


LaTeX Warning: Label `tab:unnamed-chunk-1' multiply defined.


LaTeX Warning: Label `tab:unnamed-chunk-1' multiply defined.


LaTeX Warning: Label `tab:unnamed-chunk-1' multiply defined.


LaTeX Warning: Label `tab:unnamed-chunk-1' multiply defined.


LaTeX Warning: Label `tab:unnamed-chunk-1' multiply defined.


LaTeX Warning: Label `tab:unnamed-chunk-1' multiply defined.


LaTeX Warning: Label `tab:unnamed-chunk-1' multiply defined.


LaTeX Warning: Label `tab:unnamed-chunk-1' multiply defined.


LaTeX Warning: Label `tab:unnamed-chunk-1' multiply defined.


LaTeX Warning: Label `tab:unnamed-chunk-1' multiply defined.


LaTeX Warning: Label `tab:unnamed-chunk-1' multiply defined.


LaTeX Warning: Label `tab:unnamed-chunk-1' multiply defined.


LaTeX Warning: Label `tab:unnamed-chunk-1' multiply defined.


LaTeX Warning: Label `tab:unnamed-chunk-1' multiply defined.


LaTeX Warning: Label `tab:unnamed-chunk-1' multiply defined.


LaTeX Warning: Label `tab:unnamed-chunk-1' multiply defined.


LaTeX Warning: Label `tab:unnamed-chunk-1' multiply defined.


LaTeX Warning: Label `tab:unnamed-chunk-1' multiply defined.

)
\openout1 = `01-efa-reporte.aux'.

LaTeX Font Info:    Checking defaults for OML/cmm/m/it on input line 84.
LaTeX Font Info:    ... okay on input line 84.
LaTeX Font Info:    Checking defaults for OMS/cmsy/m/n on input line 84.
LaTeX Font Info:    ... okay on input line 84.
LaTeX Font Info:    Checking defaults for OT1/cmr/m/n on input line 84.
LaTeX Font Info:    ... okay on input line 84.
LaTeX Font Info:    Checking defaults for T1/cmr/m/n on input line 84.
LaTeX Font Info:    ... okay on input line 84.
LaTeX Font Info:    Checking defaults for TS1/cmr/m/n on input line 84.
LaTeX Font Info:    ... okay on input line 84.
LaTeX Font Info:    Checking defaults for OMX/cmex/m/n on input line 84.
LaTeX Font Info:    ... okay on input line 84.
LaTeX Font Info:    Checking defaults for U/cmr/m/n on input line 84.
LaTeX Font Info:    ... okay on input line 84.
LaTeX Font Info:    Checking defaults for PD1/pdf/m/n on input line 84.
LaTeX Font Info:    ... okay on input line 84.
LaTeX Font Info:    Checking defaults for PU/pdf/m/n on input line 84.
LaTeX Font Info:    ... okay on input line 84.
(c:/Users/factoresasociados03/AppData/Roaming/TinyTeX/texmf-dist/tex/latex/epstopdf-pkg/epstopdf-base.sty
Package: epstopdf-base 2020-01-24 v2.11 Base part for package epstopdf
Package epstopdf-base Info: Redefining graphics rule for `.eps' on input line 485.
(c:/Users/factoresasociados03/AppData/Roaming/TinyTeX/texmf-dist/tex/latex/latexconfig/epstopdf-sys.cfg
File: epstopdf-sys.cfg 2010/07/13 v1.3 Configuration of (r)epstopdf for TeX Live
))
*geometry* driver: auto-detecting
*geometry* detected driver: pdftex
*geometry* verbose mode - [ preamble ] result:
* driver: pdftex
* paper: <default>
* layout: <same size as paper>
* layoutoffset:(h,v)=(0.0pt,0.0pt)
* modes: 
* h-part:(L,W,R)=(56.9055pt, 500.484pt, 56.9055pt)
* v-part:(T,H,B)=(56.9055pt, 681.15898pt, 56.9055pt)
* \paperwidth=614.295pt
* \paperheight=794.96999pt
* \textwidth=500.484pt
* \textheight=681.15898pt
* \oddsidemargin=-15.36449pt
* \evensidemargin=-15.36449pt
* \topmargin=-52.36449pt
* \headheight=12.0pt
* \headsep=25.0pt
* \topskip=10.0pt
* \footskip=30.0pt
* \marginparwidth=65.0pt
* \marginparsep=11.0pt
* \columnsep=10.0pt
* \skip\footins=9.0pt plus 4.0pt minus 2.0pt
* \hoffset=0.0pt
* \voffset=0.0pt
* \mag=1000
* \@twocolumnfalse
* \@twosidefalse
* \@mparswitchfalse
* \@reversemarginfalse
* (1in=72.27pt=25.4mm, 1cm=28.453pt)

Package hyperref Info: Link coloring OFF on input line 84.
(./01-efa-reporte.out) (./01-efa-reporte.out)
\@outlinefile=\write3
\openout3 = `01-efa-reporte.out'.

LaTeX Font Info:    Trying to load font information for OT1+lmr on input line 86.
(c:/Users/factoresasociados03/AppData/Roaming/TinyTeX/texmf-dist/tex/latex/lm/ot1lmr.fd
File: ot1lmr.fd 2015/05/01 v1.6.1 Font defs for Latin Modern
)
LaTeX Font Info:    Trying to load font information for OML+lmm on input line 86.
(c:/Users/factoresasociados03/AppData/Roaming/TinyTeX/texmf-dist/tex/latex/lm/omllmm.fd
File: omllmm.fd 2015/05/01 v1.6.1 Font defs for Latin Modern
)
LaTeX Font Info:    Trying to load font information for OMS+lmsy on input line 86.
(c:/Users/factoresasociados03/AppData/Roaming/TinyTeX/texmf-dist/tex/latex/lm/omslmsy.fd
File: omslmsy.fd 2015/05/01 v1.6.1 Font defs for Latin Modern
)
LaTeX Font Info:    Trying to load font information for OMX+lmex on input line 86.
(c:/Users/factoresasociados03/AppData/Roaming/TinyTeX/texmf-dist/tex/latex/lm/omxlmex.fd
File: omxlmex.fd 2015/05/01 v1.6.1 Font defs for Latin Modern
)
LaTeX Font Info:    External font `lmex10' loaded for size
(Font)              <12> on input line 86.
LaTeX Font Info:    External font `lmex10' loaded for size
(Font)              <8> on input line 86.
LaTeX Font Info:    External font `lmex10' loaded for size
(Font)              <6> on input line 86.
LaTeX Font Info:    Trying to load font information for U+msa on input line 86.
(c:/Users/factoresasociados03/AppData/Roaming/TinyTeX/texmf-dist/tex/latex/amsfonts/umsa.fd
File: umsa.fd 2013/01/14 v3.01 AMS symbols A
)
LaTeX Font Info:    Trying to load font information for U+msb on input line 86.
(c:/Users/factoresasociados03/AppData/Roaming/TinyTeX/texmf-dist/tex/latex/amsfonts/umsb.fd
File: umsb.fd 2013/01/14 v3.01 AMS symbols B
) (./01-efa-reporte.toc
LaTeX Font Info:    External font `lmex10' loaded for size
(Font)              <10> on input line 1.
LaTeX Font Info:    External font `lmex10' loaded for size
(Font)              <7> on input line 1.
LaTeX Font Info:    External font `lmex10' loaded for size
(Font)              <5> on input line 1.
)
\tf@toc=\write4
\openout4 = `01-efa-reporte.toc'.

[1

{c:/Users/factoresasociados03/AppData/Roaming/TinyTeX/texmf-var/fonts/map/pdftex/updmap/pdftex.map}]
Overfull \hbox (7.69849pt too wide) in paragraph at lines 108--108
[]|\T1/lmr/m/n/6 cod_preg|  
 []


Overfull \hbox (1.3375pt too wide) in paragraph at lines 110--110
[]|\T1/lmr/m/n/6 p13_02|  
 []


Overfull \hbox (1.3375pt too wide) in paragraph at lines 111--111
[]|\T1/lmr/m/n/6 p13_03|  
 []


Overfull \hbox (1.3375pt too wide) in paragraph at lines 112--112
[]|\T1/lmr/m/n/6 p13_04|  
 []


Overfull \hbox (1.3375pt too wide) in paragraph at lines 113--113
[]|\T1/lmr/m/n/6 p13_05|  
 []


Overfull \hbox (1.3375pt too wide) in paragraph at lines 114--114
[]|\T1/lmr/m/n/6 p13_06|  
 []


Overfull \hbox (36.16321pt too wide) in paragraph at lines 104--119
 [][] 
 []

[2]
Overfull \hbox (7.69849pt too wide) in paragraph at lines 162--162
[]|\T1/lmr/m/n/6 cod_preg|  
 []


Overfull \hbox (1.3375pt too wide) in paragraph at lines 164--164
[]|\T1/lmr/m/n/6 p14_01|  
 []


Overfull \hbox (1.3375pt too wide) in paragraph at lines 165--165
[]|\T1/lmr/m/n/6 p14_02|  
 []


Overfull \hbox (1.3375pt too wide) in paragraph at lines 166--166
[]|\T1/lmr/m/n/6 p14_03|  
 []


Overfull \hbox (1.3375pt too wide) in paragraph at lines 167--167
[]|\T1/lmr/m/n/6 p14_04|  
 []


Overfull \hbox (1.3375pt too wide) in paragraph at lines 168--168
[]|\T1/lmr/m/n/6 p14_05|  
 []


Overfull \hbox (1.3375pt too wide) in paragraph at lines 170--170
[]|\T1/lmr/m/n/6 p14_06|  
 []


Overfull \hbox (1.3375pt too wide) in paragraph at lines 171--171
[]|\T1/lmr/m/n/6 p14_07|  
 []


Overfull \hbox (36.16321pt too wide) in paragraph at lines 158--176
 [][] 
 []

[3]
Overfull \hbox (7.69849pt too wide) in paragraph at lines 220--220
[]|\T1/lmr/m/n/6 cod_preg|  
 []


Overfull \hbox (1.3375pt too wide) in paragraph at lines 222--222
[]|\T1/lmr/m/n/6 p15_01|  
 []


Overfull \hbox (1.3375pt too wide) in paragraph at lines 223--223
[]|\T1/lmr/m/n/6 p15_02|  
 []


Overfull \hbox (1.3375pt too wide) in paragraph at lines 224--224
[]|\T1/lmr/m/n/6 p15_03|  
 []


Overfull \hbox (1.3375pt too wide) in paragraph at lines 225--225
[]|\T1/lmr/m/n/6 p15_04|  
 []


Overfull \hbox (1.3375pt too wide) in paragraph at lines 226--226
[]|\T1/lmr/m/n/6 p15_05|  
 []


Overfull \hbox (1.3375pt too wide) in paragraph at lines 228--228
[]|\T1/lmr/m/n/6 p15_06|  
 []


Overfull \hbox (36.16321pt too wide) in paragraph at lines 216--233
 [][] 
 []

[4]
Overfull \hbox (7.69849pt too wide) in paragraph at lines 277--277
[]|\T1/lmr/m/n/6 cod_preg|  
 []


Overfull \hbox (1.3375pt too wide) in paragraph at lines 279--279
[]|\T1/lmr/m/n/6 p16_01|  
 []


Overfull \hbox (1.3375pt too wide) in paragraph at lines 280--280
[]|\T1/lmr/m/n/6 p16_02|  
 []


Overfull \hbox (1.3375pt too wide) in paragraph at lines 281--281
[]|\T1/lmr/m/n/6 p16_03|  
 []


Overfull \hbox (1.3375pt too wide) in paragraph at lines 282--282
[]|\T1/lmr/m/n/6 p16_04|  
 []


Overfull \hbox (1.3375pt too wide) in paragraph at lines 283--283
[]|\T1/lmr/m/n/6 p16_05|  
 []


Overfull \hbox (1.3375pt too wide) in paragraph at lines 285--285
[]|\T1/lmr/m/n/6 p16_06|  
 []


Overfull \hbox (1.3375pt too wide) in paragraph at lines 286--286
[]|\T1/lmr/m/n/6 p16_07|  
 []


Overfull \hbox (1.3375pt too wide) in paragraph at lines 287--287
[]|\T1/lmr/m/n/6 p16_08|  
 []


Overfull \hbox (36.16321pt too wide) in paragraph at lines 273--292
 [][] 
 []

[5]
Overfull \hbox (7.69849pt too wide) in paragraph at lines 335--335
[]|\T1/lmr/m/n/6 cod_preg|  
 []


Overfull \hbox (1.3375pt too wide) in paragraph at lines 337--337
[]|\T1/lmr/m/n/6 p17_01|  
 []


Overfull \hbox (1.3375pt too wide) in paragraph at lines 338--338
[]|\T1/lmr/m/n/6 p17_02|  
 []


Overfull \hbox (1.3375pt too wide) in paragraph at lines 339--339
[]|\T1/lmr/m/n/6 p17_03|  
 []


Overfull \hbox (1.3375pt too wide) in paragraph at lines 340--340
[]|\T1/lmr/m/n/6 p17_04|  
 []


Overfull \hbox (1.3375pt too wide) in paragraph at lines 341--341
[]|\T1/lmr/m/n/6 p17_05|  
 []


Overfull \hbox (36.16321pt too wide) in paragraph at lines 331--346
 [][] 
 []

[6]
Overfull \hbox (7.69849pt too wide) in paragraph at lines 389--389
[]|\T1/lmr/m/n/6 cod_preg|  
 []


Overfull \hbox (1.3375pt too wide) in paragraph at lines 391--391
[]|\T1/lmr/m/n/6 p05_01|  
 []


Overfull \hbox (1.3375pt too wide) in paragraph at lines 392--392
[]|\T1/lmr/m/n/6 p05_02|  
 []


Overfull \hbox (1.3375pt too wide) in paragraph at lines 393--393
[]|\T1/lmr/m/n/6 p05_03|  
 []


Overfull \hbox (1.3375pt too wide) in paragraph at lines 394--394
[]|\T1/lmr/m/n/6 p05_04|  
 []


Overfull \hbox (1.3375pt too wide) in paragraph at lines 395--395
[]|\T1/lmr/m/n/6 p05_05|  
 []


Overfull \hbox (1.3375pt too wide) in paragraph at lines 397--397
[]|\T1/lmr/m/n/6 p05_06|  
 []


Overfull \hbox (1.3375pt too wide) in paragraph at lines 398--398
[]|\T1/lmr/m/n/6 p05_07|  
 []


Overfull \hbox (36.16321pt too wide) in paragraph at lines 385--403
 [][] 
 []

[7]
Overfull \hbox (7.69849pt too wide) in paragraph at lines 447--447
[]|\T1/lmr/m/n/6 cod_preg|  
 []


Overfull \hbox (1.3375pt too wide) in paragraph at lines 449--449
[]|\T1/lmr/m/n/6 p06_01|  
 []


Overfull \hbox (1.3375pt too wide) in paragraph at lines 450--450
[]|\T1/lmr/m/n/6 p06_02|  
 []


Overfull \hbox (1.3375pt too wide) in paragraph at lines 451--451
[]|\T1/lmr/m/n/6 p06_03|  
 []


Overfull \hbox (1.3375pt too wide) in paragraph at lines 452--452
[]|\T1/lmr/m/n/6 p06_04|  
 []


Overfull \hbox (1.3375pt too wide) in paragraph at lines 453--453
[]|\T1/lmr/m/n/6 p06_05|  
 []


Overfull \hbox (1.3375pt too wide) in paragraph at lines 455--455
[]|\T1/lmr/m/n/6 p09_01|  
 []


Overfull \hbox (1.3375pt too wide) in paragraph at lines 456--456
[]|\T1/lmr/m/n/6 p09_02|  
 []


Overfull \hbox (1.3375pt too wide) in paragraph at lines 457--457
[]|\T1/lmr/m/n/6 p09_03|  
 []


Overfull \hbox (1.3375pt too wide) in paragraph at lines 458--458
[]|\T1/lmr/m/n/6 p09_04|  
 []


Overfull \hbox (1.3375pt too wide) in paragraph at lines 459--459
[]|\T1/lmr/m/n/6 p09_05|  
 []


Overfull \hbox (36.16321pt too wide) in paragraph at lines 443--464
 [][] 
 []

[8]
Overfull \hbox (7.69849pt too wide) in paragraph at lines 513--513
[]|\T1/lmr/m/n/6 cod_preg|  
 []


Overfull \hbox (1.3375pt too wide) in paragraph at lines 515--515
[]|\T1/lmr/m/n/6 p11_01|  
 []


Overfull \hbox (1.3375pt too wide) in paragraph at lines 516--516
[]|\T1/lmr/m/n/6 p11_02|  
 []


Overfull \hbox (1.3375pt too wide) in paragraph at lines 517--517
[]|\T1/lmr/m/n/6 p11_03|  
 []


Overfull \hbox (1.3375pt too wide) in paragraph at lines 518--518
[]|\T1/lmr/m/n/6 p11_04|  
 []


Overfull \hbox (1.3375pt too wide) in paragraph at lines 519--519
[]|\T1/lmr/m/n/6 p11_05|  
 []


Overfull \hbox (1.3375pt too wide) in paragraph at lines 521--521
[]|\T1/lmr/m/n/6 p11_06|  
 []


Overfull \hbox (36.16321pt too wide) in paragraph at lines 509--526
 [][] 
 []

[9]
Overfull \hbox (7.69849pt too wide) in paragraph at lines 569--569
[]|\T1/lmr/m/n/6 cod_preg|  
 []


Overfull \hbox (1.3375pt too wide) in paragraph at lines 571--571
[]|\T1/lmr/m/n/6 p12_01|  
 []


Overfull \hbox (1.3375pt too wide) in paragraph at lines 572--572
[]|\T1/lmr/m/n/6 p12_02|  
 []


Overfull \hbox (1.3375pt too wide) in paragraph at lines 573--573
[]|\T1/lmr/m/n/6 p12_03|  
 []


Overfull \hbox (1.3375pt too wide) in paragraph at lines 574--574
[]|\T1/lmr/m/n/6 p12_04|  
 []


Overfull \hbox (1.3375pt too wide) in paragraph at lines 575--575
[]|\T1/lmr/m/n/6 p12_05|  
 []


Overfull \hbox (1.3375pt too wide) in paragraph at lines 577--577
[]|\T1/lmr/m/n/6 p12_06|  
 []


Overfull \hbox (1.3375pt too wide) in paragraph at lines 578--578
[]|\T1/lmr/m/n/6 p12_07|  
 []


Overfull \hbox (1.3375pt too wide) in paragraph at lines 579--579
[]|\T1/lmr/m/n/6 p12_08|  
 []


Overfull \hbox (36.16321pt too wide) in paragraph at lines 565--584
 [][] 
 []

[10]
Overfull \hbox (7.69849pt too wide) in paragraph at lines 628--628
[]|\T1/lmr/m/n/6 cod_preg|  
 []


Overfull \hbox (1.3375pt too wide) in paragraph at lines 630--630
[]|\T1/lmr/m/n/6 p13_01|  
 []


Overfull \hbox (1.3375pt too wide) in paragraph at lines 631--631
[]|\T1/lmr/m/n/6 p13_02|  
 []


Overfull \hbox (1.3375pt too wide) in paragraph at lines 632--632
[]|\T1/lmr/m/n/6 p13_03|  
 []


Overfull \hbox (1.3375pt too wide) in paragraph at lines 633--633
[]|\T1/lmr/m/n/6 p13_04|  
 []


Overfull \hbox (1.3375pt too wide) in paragraph at lines 634--634
[]|\T1/lmr/m/n/6 p13_05|  
 []


Overfull \hbox (1.3375pt too wide) in paragraph at lines 636--636
[]|\T1/lmr/m/n/6 p13_06|  
 []


Overfull \hbox (1.3375pt too wide) in paragraph at lines 637--637
[]|\T1/lmr/m/n/6 p13_07|  
 []


Overfull \hbox (1.3375pt too wide) in paragraph at lines 638--638
[]|\T1/lmr/m/n/6 p13_08|  
 []


Overfull \hbox (1.3375pt too wide) in paragraph at lines 639--639
[]|\T1/lmr/m/n/6 p13_09|  
 []


Overfull \hbox (1.3375pt too wide) in paragraph at lines 640--640
[]|\T1/lmr/m/n/6 p13_10|  
 []


Overfull \hbox (1.3375pt too wide) in paragraph at lines 642--642
[]|\T1/lmr/m/n/6 p13_11|  
 []


Overfull \hbox (36.16321pt too wide) in paragraph at lines 624--647
 [][] 
 []

[11]
Overfull \hbox (7.69849pt too wide) in paragraph at lines 690--690
[]|\T1/lmr/m/n/6 cod_preg|  
 []


Overfull \hbox (1.3375pt too wide) in paragraph at lines 692--692
[]|\T1/lmr/m/n/6 p13_01|  
 []


Overfull \hbox (1.3375pt too wide) in paragraph at lines 693--693
[]|\T1/lmr/m/n/6 p13_02|  
 []


Overfull \hbox (1.3375pt too wide) in paragraph at lines 694--694
[]|\T1/lmr/m/n/6 p13_03|  
 []


Overfull \hbox (1.3375pt too wide) in paragraph at lines 695--695
[]|\T1/lmr/m/n/6 p13_04|  
 []


Overfull \hbox (1.3375pt too wide) in paragraph at lines 696--696
[]|\T1/lmr/m/n/6 p13_06|  
 []


Overfull \hbox (36.16321pt too wide) in paragraph at lines 686--701
 [][] 
 []

[12]
Overfull \hbox (7.69849pt too wide) in paragraph at lines 744--744
[]|\T1/lmr/m/n/6 cod_preg|  
 []


Overfull \hbox (1.3375pt too wide) in paragraph at lines 746--746
[]|\T1/lmr/m/n/6 p14_01|  
 []


Overfull \hbox (1.3375pt too wide) in paragraph at lines 747--747
[]|\T1/lmr/m/n/6 p14_02|  
 []


Overfull \hbox (1.3375pt too wide) in paragraph at lines 748--748
[]|\T1/lmr/m/n/6 p14_03|  
 []


Overfull \hbox (1.3375pt too wide) in paragraph at lines 749--749
[]|\T1/lmr/m/n/6 p14_04|  
 []


Overfull \hbox (1.3375pt too wide) in paragraph at lines 750--750
[]|\T1/lmr/m/n/6 p14_05|  
 []


Overfull \hbox (1.3375pt too wide) in paragraph at lines 752--752
[]|\T1/lmr/m/n/6 p14_06|  
 []


Overfull \hbox (1.3375pt too wide) in paragraph at lines 753--753
[]|\T1/lmr/m/n/6 p14_07|  
 []


Overfull \hbox (1.3375pt too wide) in paragraph at lines 754--754
[]|\T1/lmr/m/n/6 p14_08|  
 []


Overfull \hbox (36.16321pt too wide) in paragraph at lines 740--759
 [][] 
 []

[13]
Overfull \hbox (7.69849pt too wide) in paragraph at lines 803--803
[]|\T1/lmr/m/n/6 cod_preg|  
 []


Overfull \hbox (1.3375pt too wide) in paragraph at lines 805--805
[]|\T1/lmr/m/n/6 p15_01|  
 []


Overfull \hbox (1.3375pt too wide) in paragraph at lines 806--806
[]|\T1/lmr/m/n/6 p15_02|  
 []


Overfull \hbox (1.3375pt too wide) in paragraph at lines 807--807
[]|\T1/lmr/m/n/6 p15_03|  
 []


Overfull \hbox (1.3375pt too wide) in paragraph at lines 808--808
[]|\T1/lmr/m/n/6 p15_04|  
 []


Overfull \hbox (1.3375pt too wide) in paragraph at lines 809--809
[]|\T1/lmr/m/n/6 p15_05|  
 []


Overfull \hbox (1.3375pt too wide) in paragraph at lines 811--811
[]|\T1/lmr/m/n/6 p15_06|  
 []


Overfull \hbox (1.3375pt too wide) in paragraph at lines 812--812
[]|\T1/lmr/m/n/6 p15_07|  
 []


Overfull \hbox (1.3375pt too wide) in paragraph at lines 813--813
[]|\T1/lmr/m/n/6 p15_08|  
 []


Overfull \hbox (1.3375pt too wide) in paragraph at lines 814--814
[]|\T1/lmr/m/n/6 p15_09|  
 []


Overfull \hbox (1.3375pt too wide) in paragraph at lines 815--815
[]|\T1/lmr/m/n/6 p15_10|  
 []


Overfull \hbox (1.3375pt too wide) in paragraph at lines 817--817
[]|\T1/lmr/m/n/6 p15_11|  
 []


Overfull \hbox (1.3375pt too wide) in paragraph at lines 818--818
[]|\T1/lmr/m/n/6 p15_12|  
 []


Overfull \hbox (36.16321pt too wide) in paragraph at lines 799--823
 [][] 
 []

[14]
Overfull \hbox (7.69849pt too wide) in paragraph at lines 867--867
[]|\T1/lmr/m/n/6 cod_preg|  
 []


Overfull \hbox (1.3375pt too wide) in paragraph at lines 869--869
[]|\T1/lmr/m/n/6 p16_01|  
 []


Overfull \hbox (1.3375pt too wide) in paragraph at lines 870--870
[]|\T1/lmr/m/n/6 p16_02|  
 []


Overfull \hbox (1.3375pt too wide) in paragraph at lines 871--871
[]|\T1/lmr/m/n/6 p16_03|  
 []


Overfull \hbox (1.3375pt too wide) in paragraph at lines 872--872
[]|\T1/lmr/m/n/6 p16_04|  
 []


Overfull \hbox (1.3375pt too wide) in paragraph at lines 873--873
[]|\T1/lmr/m/n/6 p16_05|  
 []


Overfull \hbox (1.3375pt too wide) in paragraph at lines 875--875
[]|\T1/lmr/m/n/6 p16_06|  
 []


Overfull \hbox (1.3375pt too wide) in paragraph at lines 876--876
[]|\T1/lmr/m/n/6 p16_07|  
 []


Overfull \hbox (1.3375pt too wide) in paragraph at lines 877--877
[]|\T1/lmr/m/n/6 p16_08|  
 []


Overfull \hbox (1.3375pt too wide) in paragraph at lines 878--878
[]|\T1/lmr/m/n/6 p16_09|  
 []


Overfull \hbox (1.3375pt too wide) in paragraph at lines 879--879
[]|\T1/lmr/m/n/6 p16_10|  
 []


Overfull \hbox (1.3375pt too wide) in paragraph at lines 881--881
[]|\T1/lmr/m/n/6 p16_11|  
 []


Overfull \hbox (1.3375pt too wide) in paragraph at lines 882--882
[]|\T1/lmr/m/n/6 p16_12|  
 []


Overfull \hbox (1.3375pt too wide) in paragraph at lines 883--883
[]|\T1/lmr/m/n/6 p16_13|  
 []


Overfull \hbox (1.3375pt too wide) in paragraph at lines 884--884
[]|\T1/lmr/m/n/6 p16_14|  
 []


Overfull \hbox (36.16321pt too wide) in paragraph at lines 863--889
 [][] 
 []

[15]
Overfull \hbox (7.69849pt too wide) in paragraph at lines 933--933
[]|\T1/lmr/m/n/6 cod_preg|  
 []


Overfull \hbox (1.3375pt too wide) in paragraph at lines 935--935
[]|\T1/lmr/m/n/6 p17_01|  
 []


Overfull \hbox (1.3375pt too wide) in paragraph at lines 936--936
[]|\T1/lmr/m/n/6 p17_02|  
 []


Overfull \hbox (1.3375pt too wide) in paragraph at lines 937--937
[]|\T1/lmr/m/n/6 p17_03|  
 []


Overfull \hbox (1.3375pt too wide) in paragraph at lines 938--938
[]|\T1/lmr/m/n/6 p17_04|  
 []


Overfull \hbox (1.3375pt too wide) in paragraph at lines 939--939
[]|\T1/lmr/m/n/6 p17_05|  
 []


Overfull \hbox (1.3375pt too wide) in paragraph at lines 941--941
[]|\T1/lmr/m/n/6 p17_06|  
 []


Overfull \hbox (1.3375pt too wide) in paragraph at lines 942--942
[]|\T1/lmr/m/n/6 p17_07|  
 []


Overfull \hbox (1.3375pt too wide) in paragraph at lines 943--943
[]|\T1/lmr/m/n/6 p17_08|  
 []


Overfull \hbox (1.3375pt too wide) in paragraph at lines 944--944
[]|\T1/lmr/m/n/6 p17_09|  
 []


Overfull \hbox (36.16321pt too wide) in paragraph at lines 929--949
 [][] 
 []

[16]
Overfull \hbox (7.69849pt too wide) in paragraph at lines 992--992
[]|\T1/lmr/m/n/6 cod_preg|  
 []


Overfull \hbox (1.3375pt too wide) in paragraph at lines 994--994
[]|\T1/lmr/m/n/6 p15_01|  
 []


Overfull \hbox (1.3375pt too wide) in paragraph at lines 995--995
[]|\T1/lmr/m/n/6 p15_02|  
 []


Overfull \hbox (1.3375pt too wide) in paragraph at lines 996--996
[]|\T1/lmr/m/n/6 p15_03|  
 []


Overfull \hbox (1.3375pt too wide) in paragraph at lines 997--997
[]|\T1/lmr/m/n/6 p15_04|  
 []


Overfull \hbox (1.3375pt too wide) in paragraph at lines 998--998
[]|\T1/lmr/m/n/6 p15_05|  
 []


Overfull \hbox (36.16321pt too wide) in paragraph at lines 988--1003
 [][] 
 []

[17]
Overfull \hbox (7.69849pt too wide) in paragraph at lines 1046--1046
[]|\T1/lmr/m/n/6 cod_preg|  
 []


Overfull \hbox (1.3375pt too wide) in paragraph at lines 1048--1048
[]|\T1/lmr/m/n/6 p04_01|  
 []


Overfull \hbox (1.3375pt too wide) in paragraph at lines 1049--1049
[]|\T1/lmr/m/n/6 p04_02|  
 []


Overfull \hbox (1.3375pt too wide) in paragraph at lines 1050--1050
[]|\T1/lmr/m/n/6 p04_03|  
 []


Overfull \hbox (1.3375pt too wide) in paragraph at lines 1051--1051
[]|\T1/lmr/m/n/6 p04_04|  
 []


Overfull \hbox (1.3375pt too wide) in paragraph at lines 1052--1052
[]|\T1/lmr/m/n/6 p04_05|  
 []


Overfull \hbox (1.3375pt too wide) in paragraph at lines 1054--1054
[]|\T1/lmr/m/n/6 p04_06|  
 []


Overfull \hbox (1.3375pt too wide) in paragraph at lines 1055--1055
[]|\T1/lmr/m/n/6 p04_07|  
 []


Overfull \hbox (36.16321pt too wide) in paragraph at lines 1042--1060
 [][] 
 []

[18]
Overfull \hbox (7.69849pt too wide) in paragraph at lines 1103--1103
[]|\T1/lmr/m/n/6 cod_preg|  
 []


Overfull \hbox (1.3375pt too wide) in paragraph at lines 1105--1105
[]|\T1/lmr/m/n/6 p05_01|  
 []


Overfull \hbox (1.3375pt too wide) in paragraph at lines 1106--1106
[]|\T1/lmr/m/n/6 p05_02|  
 []


Overfull \hbox (1.3375pt too wide) in paragraph at lines 1107--1107
[]|\T1/lmr/m/n/6 p05_03|  
 []


Overfull \hbox (1.3375pt too wide) in paragraph at lines 1108--1108
[]|\T1/lmr/m/n/6 p05_04|  
 []


Overfull \hbox (1.3375pt too wide) in paragraph at lines 1109--1109
[]|\T1/lmr/m/n/6 p05_05|  
 []


Overfull \hbox (1.3375pt too wide) in paragraph at lines 1111--1111
[]|\T1/lmr/m/n/6 p05_06|  
 []


Overfull \hbox (1.3375pt too wide) in paragraph at lines 1112--1112
[]|\T1/lmr/m/n/6 p05_07|  
 []


Overfull \hbox (36.16321pt too wide) in paragraph at lines 1099--1117
 [][] 
 []

[19]
Overfull \hbox (7.69849pt too wide) in paragraph at lines 1160--1160
[]|\T1/lmr/m/n/6 cod_preg|  
 []


Overfull \hbox (1.3375pt too wide) in paragraph at lines 1162--1162
[]|\T1/lmr/m/n/6 p06_01|  
 []


Overfull \hbox (1.3375pt too wide) in paragraph at lines 1163--1163
[]|\T1/lmr/m/n/6 p06_02|  
 []


Overfull \hbox (1.3375pt too wide) in paragraph at lines 1164--1164
[]|\T1/lmr/m/n/6 p06_03|  
 []


Overfull \hbox (1.3375pt too wide) in paragraph at lines 1165--1165
[]|\T1/lmr/m/n/6 p06_04|  
 []


Overfull \hbox (1.3375pt too wide) in paragraph at lines 1166--1166
[]|\T1/lmr/m/n/6 p06_05|  
 []


Overfull \hbox (1.3375pt too wide) in paragraph at lines 1168--1168
[]|\T1/lmr/m/n/6 p06_06|  
 []


Overfull \hbox (1.3375pt too wide) in paragraph at lines 1169--1169
[]|\T1/lmr/m/n/6 p06_07|  
 []


Overfull \hbox (1.3375pt too wide) in paragraph at lines 1170--1170
[]|\T1/lmr/m/n/6 p06_08|  
 []


Overfull \hbox (1.3375pt too wide) in paragraph at lines 1171--1171
[]|\T1/lmr/m/n/6 p06_09|  
 []


Overfull \hbox (36.16321pt too wide) in paragraph at lines 1156--1176
 [][] 
 []

[20]
Overfull \hbox (7.69849pt too wide) in paragraph at lines 1219--1219
[]|\T1/lmr/m/n/6 cod_preg|  
 []


Overfull \hbox (1.3375pt too wide) in paragraph at lines 1221--1221
[]|\T1/lmr/m/n/6 p07_04|  
 []


Overfull \hbox (1.3375pt too wide) in paragraph at lines 1222--1222
[]|\T1/lmr/m/n/6 p07_05|  
 []


Overfull \hbox (1.3375pt too wide) in paragraph at lines 1223--1223
[]|\T1/lmr/m/n/6 p07_06|  
 []


Overfull \hbox (1.3375pt too wide) in paragraph at lines 1224--1224
[]|\T1/lmr/m/n/6 p07_07|  
 []


Overfull \hbox (1.3375pt too wide) in paragraph at lines 1225--1225
[]|\T1/lmr/m/n/6 p07_08|  
 []


Overfull \hbox (1.3375pt too wide) in paragraph at lines 1227--1227
[]|\T1/lmr/m/n/6 p07_09|  
 []


Overfull \hbox (1.3375pt too wide) in paragraph at lines 1228--1228
[]|\T1/lmr/m/n/6 p07_10|  
 []


Overfull \hbox (1.3375pt too wide) in paragraph at lines 1229--1229
[]|\T1/lmr/m/n/6 p07_11|  
 []


Overfull \hbox (36.16321pt too wide) in paragraph at lines 1215--1234
 [][] 
 []

[21]
Overfull \hbox (7.69849pt too wide) in paragraph at lines 1277--1277
[]|\T1/lmr/m/n/6 cod_preg|  
 []


Overfull \hbox (1.3375pt too wide) in paragraph at lines 1279--1279
[]|\T1/lmr/m/n/6 p08_01|  
 []


Overfull \hbox (1.3375pt too wide) in paragraph at lines 1280--1280
[]|\T1/lmr/m/n/6 p08_02|  
 []


Overfull \hbox (1.3375pt too wide) in paragraph at lines 1281--1281
[]|\T1/lmr/m/n/6 p08_03|  
 []


Overfull \hbox (1.3375pt too wide) in paragraph at lines 1282--1282
[]|\T1/lmr/m/n/6 p08_04|  
 []


Overfull \hbox (1.3375pt too wide) in paragraph at lines 1283--1283
[]|\T1/lmr/m/n/6 p08_05|  
 []


Overfull \hbox (36.16321pt too wide) in paragraph at lines 1273--1288
 [][] 
 []

[22]
Overfull \hbox (7.69849pt too wide) in paragraph at lines 1331--1331
[]|\T1/lmr/m/n/6 cod_preg|  
 []


Overfull \hbox (1.3375pt too wide) in paragraph at lines 1333--1333
[]|\T1/lmr/m/n/6 p09_01|  
 []


Overfull \hbox (1.3375pt too wide) in paragraph at lines 1334--1334
[]|\T1/lmr/m/n/6 p09_02|  
 []


Overfull \hbox (1.3375pt too wide) in paragraph at lines 1335--1335
[]|\T1/lmr/m/n/6 p09_03|  
 []


Overfull \hbox (1.3375pt too wide) in paragraph at lines 1336--1336
[]|\T1/lmr/m/n/6 p09_04|  
 []


Overfull \hbox (1.3375pt too wide) in paragraph at lines 1337--1337
[]|\T1/lmr/m/n/6 p09_05|  
 []


Overfull \hbox (36.16321pt too wide) in paragraph at lines 1327--1342
 [][] 
 []

[23]
Overfull \hbox (7.69849pt too wide) in paragraph at lines 1385--1385
[]|\T1/lmr/m/n/6 cod_preg|  
 []


Overfull \hbox (1.3375pt too wide) in paragraph at lines 1387--1387
[]|\T1/lmr/m/n/6 p09_06|  
 []


Overfull \hbox (1.3375pt too wide) in paragraph at lines 1388--1388
[]|\T1/lmr/m/n/6 p09_07|  
 []


Overfull \hbox (1.3375pt too wide) in paragraph at lines 1389--1389
[]|\T1/lmr/m/n/6 p09_08|  
 []


Overfull \hbox (1.3375pt too wide) in paragraph at lines 1390--1390
[]|\T1/lmr/m/n/6 p09_09|  
 []


Overfull \hbox (1.3375pt too wide) in paragraph at lines 1391--1391
[]|\T1/lmr/m/n/6 p09_10|  
 []


Overfull \hbox (1.3375pt too wide) in paragraph at lines 1393--1393
[]|\T1/lmr/m/n/6 p09_11|  
 []


Overfull \hbox (1.3375pt too wide) in paragraph at lines 1394--1394
[]|\T1/lmr/m/n/6 p09_12|  
 []


Overfull \hbox (1.3375pt too wide) in paragraph at lines 1395--1395
[]|\T1/lmr/m/n/6 p09_13|  
 []


Overfull \hbox (1.3375pt too wide) in paragraph at lines 1396--1396
[]|\T1/lmr/m/n/6 p09_14|  
 []


Overfull \hbox (1.3375pt too wide) in paragraph at lines 1397--1397
[]|\T1/lmr/m/n/6 p09_15|  
 []


Overfull \hbox (1.3375pt too wide) in paragraph at lines 1399--1399
[]|\T1/lmr/m/n/6 p09_16|  
 []


Overfull \hbox (36.16321pt too wide) in paragraph at lines 1381--1404
 [][] 
 []

[24]
Overfull \hbox (7.69849pt too wide) in paragraph at lines 1447--1447
[]|\T1/lmr/m/n/6 cod_preg|  
 []


Overfull \hbox (1.3375pt too wide) in paragraph at lines 1449--1449
[]|\T1/lmr/m/n/6 p10_01|  
 []


Overfull \hbox (1.3375pt too wide) in paragraph at lines 1450--1450
[]|\T1/lmr/m/n/6 p10_02|  
 []


Overfull \hbox (1.3375pt too wide) in paragraph at lines 1451--1451
[]|\T1/lmr/m/n/6 p10_03|  
 []


Overfull \hbox (1.3375pt too wide) in paragraph at lines 1452--1452
[]|\T1/lmr/m/n/6 p10_04|  
 []


Overfull \hbox (1.3375pt too wide) in paragraph at lines 1453--1453
[]|\T1/lmr/m/n/6 p10_05|  
 []


Overfull \hbox (1.3375pt too wide) in paragraph at lines 1455--1455
[]|\T1/lmr/m/n/6 p10_06|  
 []


Overfull \hbox (1.3375pt too wide) in paragraph at lines 1456--1456
[]|\T1/lmr/m/n/6 p10_07|  
 []


Overfull \hbox (1.3375pt too wide) in paragraph at lines 1457--1457
[]|\T1/lmr/m/n/6 p10_08|  
 []


Overfull \hbox (1.3375pt too wide) in paragraph at lines 1458--1458
[]|\T1/lmr/m/n/6 p10_09|  
 []


Overfull \hbox (36.16321pt too wide) in paragraph at lines 1443--1463
 [][] 
 []

[25] (./01-efa-reporte.aux)

LaTeX Warning: There were multiply-defined labels.

Package rerunfilecheck Info: File `01-efa-reporte.out' has not changed.
(rerunfilecheck)             Checksum: 70CC5D34950FA9FDECAC9882DCD6CFE3;9129.
 ) 
Here is how much of TeX's memory you used:
 12378 strings out of 476931
 202105 string characters out of 5823353
 585399 words of memory out of 5000000
 33268 multiletter control sequences out of 15000+600000
 517621 words of font info for 68 fonts, out of 8000000 for 9000
 14 hyphenation exceptions out of 8191
 72i,13n,77p,654b,435s stack positions out of 10000i,1000n,20000p,200000b,200000s
{c:/Users/factoresasociados03/AppData/Roaming/TinyTeX/texmf-dist/fonts/enc/dvips/lm/lm-ec.enc}<c:/Users/factoresasociados03/AppData/Roaming/TinyTeX/texmf-dist/fonts/type1/public/lm/lmbx10.pfb><c:/Users/factoresasociados03/AppData/Roaming/TinyTeX/texmf-dist/fonts/type1/public/lm/lmbx12.pfb><c:/Users/factoresasociados03/AppData/Roaming/TinyTeX/texmf-dist/fonts/type1/public/lm/lmr10.pfb><c:/Users/factoresasociados03/AppData/Roaming/TinyTeX/texmf-dist/fonts/type1/public/lm/lmr12.pfb><c:/Users/factoresasociados03/AppData/Roaming/TinyTeX/texmf-dist/fonts/type1/public/lm/lmr17.pfb><c:/Users/factoresasociados03/AppData/Roaming/TinyTeX/texmf-dist/fonts/type1/public/lm/lmr5.pfb><c:/Users/factoresasociados03/AppData/Roaming/TinyTeX/texmf-dist/fonts/type1/public/lm/lmr6.pfb>
Output written on 01-efa-reporte.pdf (25 pages, 258011 bytes).
PDF statistics:
 374 PDF objects out of 1000 (max. 8388607)
 329 compressed objects within 4 object streams
 123 named destinations out of 1000 (max. 500000)
 193 words of extra memory for PDF output out of 10000 (max. 10000000)

